<?xml version="1.0" encoding="UTF-8"?>
<!-- Generated by org.testng.reporters.JUnitReportReporter -->
<testsuite hostname="LAPTOP-4DHA8UHS" failures="0" tests="1" name="cucumberTestRunner.TestRunner" time="39.544" errors="0" timestamp="07 Apr 2019 07:19:18 GMT" skipped="0">
  <testcase classname="cucumberTestRunner.TestRunner" name="feature" time="39.544"/>
</testsuite> <!-- cucumberTestRunner.TestRunner -->
