<?xml version="1.0" encoding="UTF-8"?>
<!-- Generated by org.testng.reporters.JUnitReportReporter -->
<testsuite hostname="LAPTOP-4DHA8UHS" failures="0" tests="1" name="cucumberTestRunner.TestRunner" time="15.295" errors="0" timestamp="05 Apr 2019 01:14:33 GMT" skipped="0">
  <testcase classname="cucumberTestRunner.TestRunner" name="feature" time="15.295"/>
</testsuite> <!-- cucumberTestRunner.TestRunner -->
